{"/Users/nikhilkumarpatra/Desktop/note/src/notes.js": {"path":"/Users/nikhilkumarpatra/Desktop/note/src/notes.js","all":false,"statementMap":{"0":{"start":{"line":1,"column":0},"end":{"line":1,"column":47}},"1":{"start":{"line":2,"column":0},"end":{"line":2,"column":0}},"2":{"start":{"line":3,"column":0},"end":{"line":3,"column":46}},"3":{"start":{"line":4,"column":0},"end":{"line":4,"column":16}},"4":{"start":{"line":5,"column":0},"end":{"line":5,"column":9}},"5":{"start":{"line":6,"column":0},"end":{"line":6,"column":18}},"6":{"start":{"line":7,"column":0},"end":{"line":7,"column":19}},"7":{"start":{"line":8,"column":0},"end":{"line":8,"column":3}},"8":{"start":{"line":9,"column":0},"end":{"line":9,"column":20}},"9":{"start":{"line":10,"column":0},"end":{"line":10,"column":13}},"10":{"start":{"line":11,"column":0},"end":{"line":11,"column":1}},"11":{"start":{"line":12,"column":0},"end":{"line":12,"column":40}},"12":{"start":{"line":13,"column":0},"end":{"line":13,"column":26}},"13":{"start":{"line":14,"column":0},"end":{"line":14,"column":17}},"14":{"start":{"line":15,"column":0},"end":{"line":15,"column":1}},"15":{"start":{"line":16,"column":0},"end":{"line":16,"column":0}},"16":{"start":{"line":17,"column":0},"end":{"line":17,"column":44}},"17":{"start":{"line":18,"column":0},"end":{"line":18,"column":35}},"18":{"start":{"line":19,"column":0},"end":{"line":19,"column":88}},"19":{"start":{"line":20,"column":0},"end":{"line":20,"column":1}},"20":{"start":{"line":21,"column":0},"end":{"line":21,"column":0}},"21":{"start":{"line":22,"column":0},"end":{"line":22,"column":41}},"22":{"start":{"line":23,"column":0},"end":{"line":23,"column":35}},"23":{"start":{"line":24,"column":0},"end":{"line":24,"column":50}},"24":{"start":{"line":25,"column":0},"end":{"line":25,"column":0}},"25":{"start":{"line":26,"column":0},"end":{"line":26,"column":14}},"26":{"start":{"line":27,"column":0},"end":{"line":27,"column":57}},"27":{"start":{"line":28,"column":0},"end":{"line":28,"column":35}},"28":{"start":{"line":29,"column":0},"end":{"line":29,"column":13}},"29":{"start":{"line":30,"column":0},"end":{"line":30,"column":3}},"30":{"start":{"line":31,"column":0},"end":{"line":31,"column":1}},"31":{"start":{"line":32,"column":0},"end":{"line":32,"column":0}},"32":{"start":{"line":33,"column":0},"end":{"line":33,"column":43}},"33":{"start":{"line":34,"column":0},"end":{"line":34,"column":27}},"34":{"start":{"line":35,"column":0},"end":{"line":35,"column":1}}},"s":{"0":1,"1":1,"2":1,"3":1,"4":1,"5":1,"6":1,"7":1,"8":1,"9":1,"10":1,"11":1,"12":2,"13":2,"14":2,"15":1,"16":1,"17":0,"18":0,"19":0,"20":1,"21":1,"22":1,"23":1,"24":1,"25":1,"26":0,"27":0,"28":0,"29":0,"30":1,"31":1,"32":1,"33":0,"34":0},"branchMap":{"0":{"type":"branch","line":3,"loc":{"start":{"line":3,"column":23},"end":{"line":11,"column":1}},"locations":[{"start":{"line":3,"column":23},"end":{"line":11,"column":1}}]},"1":{"type":"branch","line":12,"loc":{"start":{"line":12,"column":27},"end":{"line":15,"column":1}},"locations":[{"start":{"line":12,"column":27},"end":{"line":15,"column":1}}]},"2":{"type":"branch","line":22,"loc":{"start":{"line":22,"column":26},"end":{"line":31,"column":1}},"locations":[{"start":{"line":22,"column":26},"end":{"line":31,"column":1}}]},"3":{"type":"branch","line":26,"loc":{"start":{"line":26,"column":13},"end":{"line":30,"column":3}},"locations":[{"start":{"line":26,"column":13},"end":{"line":30,"column":3}}]},"4":{"type":"branch","line":24,"loc":{"start":{"line":24,"column":27},"end":{"line":24,"column":49}},"locations":[{"start":{"line":24,"column":27},"end":{"line":24,"column":49}}]}},"b":{"0":[1],"1":[2],"2":[1],"3":[0],"4":[3]},"fnMap":{"0":{"name":"newNote","decl":{"start":{"line":3,"column":23},"end":{"line":11,"column":1}},"loc":{"start":{"line":3,"column":23},"end":{"line":11,"column":1}},"line":3},"1":{"name":"getAllNotes","decl":{"start":{"line":12,"column":27},"end":{"line":15,"column":1}},"loc":{"start":{"line":12,"column":27},"end":{"line":15,"column":1}},"line":12},"2":{"name":"findNotes","decl":{"start":{"line":17,"column":25},"end":{"line":20,"column":1}},"loc":{"start":{"line":17,"column":25},"end":{"line":20,"column":1}},"line":17},"3":{"name":"removeNote","decl":{"start":{"line":22,"column":26},"end":{"line":31,"column":1}},"loc":{"start":{"line":22,"column":26},"end":{"line":31,"column":1}},"line":22},"4":{"name":"removeAllNotes","decl":{"start":{"line":33,"column":30},"end":{"line":35,"column":1}},"loc":{"start":{"line":33,"column":30},"end":{"line":35,"column":1}},"line":33}},"f":{"0":1,"1":2,"2":0,"3":1,"4":0}}
}
