TN:
SF:src/notes.js
FN:3,newNote
FN:12,getAllNotes
FN:17,findNotes
FN:22,removeNote
FN:33,removeAllNotes
FNF:5
FNH:3
FNDA:1,newNote
FNDA:2,getAllNotes
FNDA:0,findNotes
FNDA:1,removeNote
FNDA:0,removeAllNotes
DA:1,1
DA:2,1
DA:3,1
DA:4,1
DA:5,1
DA:6,1
DA:7,1
DA:8,1
DA:9,1
DA:10,1
DA:11,1
DA:12,1
DA:13,2
DA:14,2
DA:15,2
DA:16,1
DA:17,1
DA:18,0
DA:19,0
DA:20,0
DA:21,1
DA:22,1
DA:23,1
DA:24,1
DA:25,1
DA:26,1
DA:27,0
DA:28,0
DA:29,0
DA:30,0
DA:31,1
DA:32,1
DA:33,1
DA:34,0
DA:35,0
LF:35
LH:26
BRDA:3,0,0,1
BRDA:12,1,0,2
BRDA:22,2,0,1
BRDA:26,3,0,0
BRDA:24,4,0,3
BRF:5
BRH:4
end_of_record
